<?xml version="1.0" encoding="UTF-8"?>
<!-- Generated by org.testng.reporters.JUnitReportReporter -->
<testsuite hostname="DESKTOP-05SN7AB" failures="0" tests="1" name="testNGTestCaseFacebook.TestNGFacebokLoginFriendRequest" time="21.699" errors="0" timestamp="2023-02-26T13:07:24 IST" skipped="0">
  <testcase classname="testNGTestCaseFacebook.TestNGFacebokLoginFriendRequest" name="test" time="21.699"/>
  <system-out/>
</testsuite> <!-- testNGTestCaseFacebook.TestNGFacebokLoginFriendRequest -->
