<?xml version="1.0" encoding="UTF-8"?>
<!-- Generated by org.testng.reporters.JUnitReportReporter -->
<testsuite hostname="DESKTOP-05SN7AB" failures="0" tests="4" name="allCrossBrowserCodes.PaytmBuyInsuranceLifeAndTerm" time="100.425" errors="0" timestamp="2023-03-03T14:16:02 IST" skipped="0">
  <testcase classname="allCrossBrowserCodes.PaytmBuyInsuranceLifeAndTerm" name="test2" time="21.157"/>
  <system-out/>
  <testcase classname="allCrossBrowserCodes.PaytmBuyInsuranceLifeAndTerm" name="test2" time="10.839"/>
  <system-out/>
  <testcase classname="allCrossBrowserCodes.PaytmBuyInsuranceLifeAndTerm" name="test1" time="50.679"/>
  <system-out/>
  <testcase classname="allCrossBrowserCodes.PaytmBuyInsuranceLifeAndTerm" name="test1" time="17.750"/>
  <system-out/>
</testsuite> <!-- allCrossBrowserCodes.PaytmBuyInsuranceLifeAndTerm -->
