<?xml version="1.0" encoding="UTF-8"?>
<!-- Generated by org.testng.reporters.JUnitReportReporter -->
<testsuite hostname="DESKTOP-05SN7AB" failures="0" tests="4" name="TestNG_Demo_Suit.TestClass_3T" time="0.022" errors="0" timestamp="2023-02-24T11:36:44 IST" skipped="0">
  <testcase classname="TestNG_Demo_Suit.TestClass_3T" name="test_A" time="0.002"/>
  <system-out/>
  <testcase classname="TestNG_Demo_Suit.TestClass_3T" name="test_B" time="0.003"/>
  <system-out/>
  <testcase classname="TestNG_Demo_Suit.TestClass_3T" name="test_B" time="0.004"/>
  <system-out/>
  <testcase classname="TestNG_Demo_Suit.TestClass_3T" name="test_A" time="0.013"/>
  <system-out/>
</testsuite> <!-- TestNG_Demo_Suit.TestClass_3T -->
