<?xml version="1.0" encoding="UTF-8"?>
<!-- Generated by org.testng.reporters.JUnitReportReporter -->
<testsuite hostname="DESKTOP-05SN7AB" failures="0" tests="4" name="allCrossBrowserCodes.PaaytmTestNGPaytmRecharge" time="54.731" errors="0" timestamp="2023-03-03T14:16:02 IST" skipped="0">
  <testcase classname="allCrossBrowserCodes.PaaytmTestNGPaytmRecharge" name="test2" time="18.348"/>
  <system-out/>
  <testcase classname="allCrossBrowserCodes.PaaytmTestNGPaytmRecharge" name="test" time="7.608"/>
  <system-out/>
  <testcase classname="allCrossBrowserCodes.PaaytmTestNGPaytmRecharge" name="test2" time="23.719"/>
  <system-out/>
  <testcase classname="allCrossBrowserCodes.PaaytmTestNGPaytmRecharge" name="test" time="5.056"/>
  <system-out/>
</testsuite> <!-- allCrossBrowserCodes.PaaytmTestNGPaytmRecharge -->
