<?xml version="1.0" encoding="UTF-8"?>
<!-- Generated by org.testng.reporters.JUnitReportReporter -->
<testsuite hostname="DESKTOP-05SN7AB" failures="0" tests="2" name="TestNGTestCasePaytm.BuyInsuranceLifeAndTerm" time="38.541" errors="0" timestamp="2023-02-24T08:22:41 IST" skipped="0">
  <testcase classname="TestNGTestCasePaytm.BuyInsuranceLifeAndTerm" name="test1" time="29.254"/>
  <system-out/>
  <testcase classname="TestNGTestCasePaytm.BuyInsuranceLifeAndTerm" name="test2" time="9.287"/>
  <system-out/>
</testsuite> <!-- TestNGTestCasePaytm.BuyInsuranceLifeAndTerm -->
