<?xml version="1.0" encoding="UTF-8"?>
<!-- Generated by org.testng.reporters.JUnitReportReporter -->
<testsuite hostname="DESKTOP-05SN7AB" failures="0" tests="1" name="TestNG_Demo_Suit.TestClass_1" time="0.008" errors="0" timestamp="2023-03-01T12:44:13 IST" skipped="0">
  <testcase classname="TestNG_Demo_Suit.TestClass_1" name="test_A" time="0.008"/>
  <system-out/>
</testsuite> <!-- TestNG_Demo_Suit.TestClass_1 -->
