<?xml version="1.0" encoding="UTF-8"?>
<!-- Generated by org.testng.reporters.JUnitReportReporter -->
<testsuite hostname="DESKTOP-05SN7AB" failures="0" tests="2" name="TestNGTestCasePaytm.TestNGPaytmRecharge" time="52.034" errors="0" timestamp="2023-02-26T14:33:59 IST" skipped="0">
  <testcase classname="TestNGTestCasePaytm.TestNGPaytmRecharge" name="test2" time="33.552"/>
  <system-out/>
  <testcase classname="TestNGTestCasePaytm.TestNGPaytmRecharge" name="test" time="18.482"/>
  <system-out/>
</testsuite> <!-- TestNGTestCasePaytm.TestNGPaytmRecharge -->
