<?xml version="1.0" encoding="UTF-8"?>
<!-- Generated by org.testng.reporters.JUnitReportReporter -->
<testsuite hostname="DESKTOP-05SN7AB" failures="0" tests="2" name="TestNG_Demo_Suit.TestClass_2" time="0.015" errors="0" timestamp="2023-02-23T18:45:10 IST" skipped="0">
  <testcase classname="TestNG_Demo_Suit.TestClass_2" name="test4" time="0.005"/>
  <system-out/>
  <testcase classname="TestNG_Demo_Suit.TestClass_2" name="test2" time="0.010"/>
  <system-out/>
</testsuite> <!-- TestNG_Demo_Suit.TestClass_2 -->
