<?xml version="1.0" encoding="UTF-8"?>
<!-- Generated by org.testng.reporters.JUnitReportReporter -->
<testsuite hostname="DESKTOP-05SN7AB" failures="0" tests="1" name="testNGTestCaseFacebook.DemoTestNG" time="0.007" errors="0" timestamp="2023-02-20T17:43:08 IST" skipped="0">
  <testcase classname="testNGTestCaseFacebook.DemoTestNG" name="test" time="0.007"/>
  <system-out/>
</testsuite> <!-- testNGTestCaseFacebook.DemoTestNG -->
