<?xml version="1.0" encoding="UTF-8"?>
<!-- Generated by org.testng.reporters.JUnitReportReporter -->
<testsuite hostname="DESKTOP-05SN7AB" failures="0" tests="2" name="AmazoneTestCases.CrossBrowserAmazone" time="76.273" errors="0" timestamp="2023-02-27T08:20:54 IST" skipped="0">
  <testcase classname="AmazoneTestCases.CrossBrowserAmazone" name="test" time="61.825"/>
  <system-out/>
  <testcase classname="AmazoneTestCases.CrossBrowserAmazone" name="test2" time="14.448"/>
  <system-out/>
</testsuite> <!-- AmazoneTestCases.CrossBrowserAmazone -->
