<?xml version="1.0" encoding="UTF-8"?>
<!-- Generated by org.testng.reporters.JUnitReportReporter -->
<testsuite hostname="DESKTOP-05SN7AB" failures="0" tests="1" name="allCrossBrowserCodes.TestNGFacebokLoginFriendRequest" time="28.066" errors="0" timestamp="2023-02-26T18:18:14 IST" skipped="0">
  <testcase classname="allCrossBrowserCodes.TestNGFacebokLoginFriendRequest" name="test" time="28.066"/>
  <system-out/>
</testsuite> <!-- allCrossBrowserCodes.TestNGFacebokLoginFriendRequest -->
