<?xml version="1.0" encoding="UTF-8"?>
<!-- Generated by org.testng.reporters.JUnitReportReporter -->
<testsuite hostname="DESKTOP-05SN7AB" failures="0" tests="2" name="TestNG_Demo_Suit.TestClass_4T" time="0.030" errors="0" timestamp="2023-02-24T11:36:44 IST" skipped="0">
  <testcase classname="TestNG_Demo_Suit.TestClass_4T" name="test_1" time="0.002"/>
  <system-out/>
  <testcase classname="TestNG_Demo_Suit.TestClass_4T" name="test_2" time="0.028"/>
  <system-out/>
</testsuite> <!-- TestNG_Demo_Suit.TestClass_4T -->
