<?xml version="1.0" encoding="UTF-8"?>
<!-- Generated by org.testng.reporters.JUnitReportReporter -->
<testsuite hostname="DESKTOP-05SN7AB" failures="0" tests="2" name="allCrossBrowserCodes.PaytmBookFlight" time="64.952" errors="0" timestamp="2023-03-03T14:16:02 IST" skipped="0">
  <testcase classname="allCrossBrowserCodes.PaytmBookFlight" name="test" time="32.544"/>
  <system-out/>
  <testcase classname="allCrossBrowserCodes.PaytmBookFlight" name="test" time="32.408"/>
  <system-out/>
</testsuite> <!-- allCrossBrowserCodes.PaytmBookFlight -->
