<?xml version="1.0" encoding="UTF-8"?>
<!-- Generated by org.testng.reporters.JUnitReportReporter -->
<testsuite hostname="DESKTOP-05SN7AB" failures="0" tests="1" name="TestNGTestCasePaytm.BookFlight" time="13.897" errors="0" timestamp="2023-02-24T08:22:41 IST" skipped="0">
  <testcase classname="TestNGTestCasePaytm.BookFlight" name="test" time="13.897"/>
  <system-out/>
</testsuite> <!-- TestNGTestCasePaytm.BookFlight -->
