<?xml version="1.0" encoding="UTF-8"?>
<!-- Generated by org.testng.reporters.JUnitReportReporter -->
<testsuite hostname="DESKTOP-05SN7AB" failures="0" tests="1" name="testNGTestCase.TestClassTestNG" time="0.012" errors="0" timestamp="2023-02-18T14:42:33 IST" skipped="0">
  <testcase classname="testNGTestCase.TestClassTestNG" name="test" time="0.012"/>
  <system-out/>
</testsuite> <!-- testNGTestCase.TestClassTestNG -->
