<?xml version="1.0" encoding="UTF-8"?>
<!-- Generated by org.testng.reporters.JUnitReportReporter -->
<testsuite hostname="DESKTOP-05SN7AB" failures="0" tests="3" name="testNGTestCaseFacebook.TermLinkVerificationTestNG" time="24.452" errors="0" timestamp="2023-03-01T13:57:32 IST" skipped="0">
  <testcase classname="testNGTestCaseFacebook.TermLinkVerificationTestNG" name="test" time="4.820"/>
  <system-out/>
  <testcase classname="testNGTestCaseFacebook.TermLinkVerificationTestNG" name="test2" time="15.535"/>
  <system-out/>
  <testcase classname="testNGTestCaseFacebook.TermLinkVerificationTestNG" name="test3" time="4.097"/>
  <system-out/>
</testsuite> <!-- testNGTestCaseFacebook.TermLinkVerificationTestNG -->
